<?xml version="1.0" encoding="UTF-8"?>
<!-- Generated by org.testng.reporters.JUnitReportReporter -->
<testsuite skipped="0" hostname="ALAMIN" name="com.orangeHRM.testcases.LoginPageTest" tests="1" failures="0" timestamp="24 Mar 2021 06:11:15 GMT" time="46.543" errors="0">
  <testcase name="loginRun" time="46.543" classname="com.orangeHRM.testcases.LoginPageTest"/>
</testsuite> <!-- com.orangeHRM.testcases.LoginPageTest -->
